<!DOCTYPE html PUBLIC "-//W3C//DTD XHTML 1.1//EN" "http://www.w3.org/TR/xhtml11/DTD/xhtml11.dtd">
<html xmlns="http://www.w3.org/1999/xhtml"><head><title>TestNG Report</title><style type="text/css">table {margin-bottom:10px;border-collapse:collapse;empty-cells:show}th,td {border:1px solid #009;padding:.25em .5em}th {vertical-align:bottom}td {vertical-align:top}table a {font-weight:bold}.stripe td {background-color: #E6EBF9}.num {text-align:right}.passedodd td {background-color: #3F3}.passedeven td {background-color: #0A0}.skippedodd td {background-color: #DDD}.skippedeven td {background-color: #CCC}.failedodd td,.attn {background-color: #F33}.failedeven td,.stripe .attn {background-color: #D00}.stacktrace {white-space:pre;font-family:monospace}.totop {font-size:85%;text-align:center;border-bottom:2px solid #000}</style></head><body><table><tr><th>Test</th><th># Passed</th><th># Skipped</th><th># Failed</th><th>Time (ms)</th><th>Included Groups</th><th>Excluded Groups</th></tr><tr><th colspan="7">Web Demo Suite</th></tr><tr><td><a href="#t0">Android Test</a></td><td class="num">0</td><td class="num">0</td><td class="num attn">1</td><td class="num">2,000</td><td>@WikipediaLocators</td><td></td></tr><tr class="stripe"><td><a href="#t1">iOS Test</a></td><td class="num">0</td><td class="num">0</td><td class="num attn">1</td><td class="num">2,041</td><td>@WikipediaLocators</td><td></td></tr><tr><th>Total</th><th class="num">0</th><th class="num">0</th><th class="num attn">2</th><th class="num">4,041</th><th colspan="2"></th></tr></table><table><thead><tr><th>Class</th><th>Method</th><th>Start</th><th>Time (ms)</th></tr></thead><tbody><tr><th colspan="4">Web Demo Suite</th></tr></tbody><tbody id="t0"><tr><th colspan="4">Android Test &#8212; failed</th></tr><tr class="failedeven"><td rowspan="1">com.qmetry.qaf.automation.step.client.Scenario</td><td><a href="#m0">Locators with Wikipedia</a></td><td rowspan="1">1644631068311</td><td rowspan="1">1957</td></tr></tbody><tbody id="t1"><tr><th colspan="4">iOS Test &#8212; failed</th></tr><tr class="failedeven"><td rowspan="1">com.qmetry.qaf.automation.step.client.Scenario</td><td><a href="#m1">Locators with Wikipedia</a></td><td rowspan="1">1644631068311</td><td rowspan="1">1994</td></tr></tbody></table><h2>Android Test</h2><h3 id="m0">com.qmetry.qaf.automation.step.client.Scenario#Locators with Wikipedia</h3><table class="result"><tr><th>Messages</th></tr><tr><td><div class="messages">█▀▀▀▀▀▀▀▀▀▀▀▀▀▀▀▀▀▀▀▀▀▀▀▀▀▀▀▀▀▀▀▀▀▀▀▀▀▀▀█<br/>█ TEST STARTED: Locators with Wikipedia █<br/>█▄▄▄▄▄▄▄▄▄▄▄▄▄▄▄▄▄▄▄▄▄▄▄▄▄▄▄▄▄▄▄▄▄▄▄▄▄▄▄█<br/>▄ ▄ ▄ BEGIN STEP: Given I open browser to webpage "wikipedia.org" ▄ ▄ ▄<br/>▀ ▀ ▀ END STEP: Given I open browser to webpage "wikipedia.org" ▀ ▀ ▀<br/><div style="display:block;margin-left:10px;"><div  class="teststepfail"><span class="teststepfail-label">T </span>Given I open browser to webpage "wikipedia.org"</div><div style="display:block;margin-left:10px;"><div  class="fail"><span class="fail-label">F </span>Timed out after 0 seconds: Unable to create driver instance in 1st attempt with retry timeout of 60 seconds. You can check/set value of 'driver.init.retry.timeout' appropriately to set retry timeout on driver initialization failure.</div></div><div  class="teststep"><span class="teststep-label">T </span>Then I wait "30" seconds to see the text "The Free Encyclopedia"</div><div  class="teststep"><span class="teststep-label">T </span>Then I enter "Apple" to "search.field"</div><div  class="teststep"><span class="teststep-label">T </span>Then I wait for "3" seconds</div><div  class="teststep"><span class="teststep-label">T </span>Then I click on "search.btn"</div><div  class="teststep"><span class="teststep-label">T </span>Then I wait "30" seconds to see the text "fruit"</div></div></div></td></tr><tr><th>Exception</th></tr><tr><td><div class="stacktrace">org.openqa.selenium.TimeoutException: Timed out after 0 seconds: Unable to create driver instance in 1st attempt with retry timeout of 60 seconds. You can check/set value of &apos;driver.init.retry.timeout&apos; appropriately to set retry timeout on driver initialization failure.
	at .Given I open browser to webpage &quot;wikipedia.org&quot;(src/main/resources/scenarios/02wikipediaLocator.feature:5)
	at com.qmetry.qaf.automation.ui.util.DynamicWait.until(DynamicWait.java:169)
	at com.qmetry.qaf.automation.core.QAFTestBase.init(QAFTestBase.java:466)
	at com.qmetry.qaf.automation.core.QAFTestBase.getUiDriver(QAFTestBase.java:246)
	at com.qmetry.qaf.automation.ui.WebDriverTestBase.getDriver(WebDriverTestBase.java:44)
	at com.qmetry.qaf.automation.step.CommonStep.get_aroundBody24(CommonStep.java:296)
	at com.qmetry.qaf.automation.step.JavaStepReporter.javaTestStep(JavaStepReporter.java:93)
	at com.qmetry.qaf.automation.step.CommonStep.get(CommonStep.java:295)
	at com.quantum.steps.PerfectoApplicationSteps.navigateToURL(PerfectoApplicationSteps.java:462)
	at com.qmetry.qaf.automation.step.JavaStep.doExecute(JavaStep.java:150)
	at com.qmetry.qaf.automation.step.BaseTestStep.execute(BaseTestStep.java:146)
	at com.qmetry.qaf.automation.step.StringTestStep.execute(StringTestStep.java:126)
	at com.qmetry.qaf.automation.step.client.Scenario.execute(Scenario.java:174)
	at com.qmetry.qaf.automation.step.client.Scenario.scenario(Scenario.java:237)
	at java.util.concurrent.FutureTask.run(FutureTask.java:266)
	at java.util.concurrent.ThreadPoolExecutor.runWorker(ThreadPoolExecutor.java:1149)
	at java.util.concurrent.ThreadPoolExecutor$Worker.run(ThreadPoolExecutor.java:624)
	at java.lang.Thread.run(Thread.java:748)
Caused by: org.openqa.selenium.WebDriverException: Unable to create driver instance in 1st attempt with retry timeout of 60 seconds. You can check/set value of &apos;driver.init.retry.timeout&apos; appropriately to set retry timeout on driver initialization failure.
Build info: version: &apos;3.141.59&apos;, revision: &apos;e82be7d358&apos;, time: &apos;2018-11-14T08:17:03&apos;
System info: host: &apos;mtrue0221&apos;, ip: &apos;fe80:0:0:0:1491:c3ab:fbe8:7d0b%en0&apos;, os.name: &apos;Mac OS X&apos;, os.arch: &apos;x86_64&apos;, os.version: &apos;10.16&apos;, java.version: &apos;1.8.0_151&apos;
Driver info: driver.version: unknown
	at com.qmetry.qaf.automation.core.QAFTestBase$DriverInitExpectedCondition.apply(QAFTestBase.java:560)
	at com.qmetry.qaf.automation.core.QAFTestBase$DriverInitExpectedCondition.apply(QAFTestBase.java:1)
	at com.qmetry.qaf.automation.ui.util.DynamicWait.until(DynamicWait.java:148)
	at com.qmetry.qaf.automation.core.QAFTestBase.init(QAFTestBase.java:466)
	at com.qmetry.qaf.automation.core.QAFTestBase.getUiDriver(QAFTestBase.java:246)
	at com.qmetry.qaf.automation.ui.WebDriverTestBase.getDriver(WebDriverTestBase.java:44)
	at com.qmetry.qaf.automation.step.CommonStep.get_aroundBody24(CommonStep.java:296)
	at com.qmetry.qaf.automation.step.CommonStep$AjcClosure25.run(CommonStep.java:1)
	at com.qmetry.qaf.automation.step.JavaStepReporter.javaTestStep(JavaStepReporter.java:93)
	at com.qmetry.qaf.automation.step.CommonStep.get(CommonStep.java:295)
	at com.quantum.steps.PerfectoApplicationSteps.navigateToURL(PerfectoApplicationSteps.java:462)
	at com.qmetry.qaf.automation.step.JavaStep.doExecute(JavaStep.java:150)
	at com.qmetry.qaf.automation.step.BaseTestStep.execute(BaseTestStep.java:146)
	at com.qmetry.qaf.automation.step.StringTestStep.execute(StringTestStep.java:126)
	at com.qmetry.qaf.automation.step.client.Scenario.execute(Scenario.java:174)
	at com.qmetry.qaf.automation.step.client.Scenario.scenario(Scenario.java:237)
	... 4 more
Caused by: java.lang.ClassNotFoundException: com.thoughtworks.selenium.CommandProcessor
	at java.net.URLClassLoader.findClass(URLClassLoader.java:381)
	at java.lang.ClassLoader.loadClass(ClassLoader.java:424)
	at sun.misc.Launcher$AppClassLoader.loadClass(Launcher.java:335)
	at java.lang.ClassLoader.loadClass(ClassLoader.java:357)
	at com.qmetry.qaf.automation.ui.UiDriverFactory.get(UiDriverFactory.java:93)
	at com.qmetry.qaf.automation.core.QAFTestBase$DriverInitExpectedCondition.apply(QAFTestBase.java:556)
	... 40 more
... Removed 21 stack frames</div></td></tr></table><p class="totop"><a href="#summary">back to summary</a></p><h2>iOS Test</h2><h3 id="m1">com.qmetry.qaf.automation.step.client.Scenario#Locators with Wikipedia</h3><table class="result"><tr><th>Messages</th></tr><tr><td><div class="messages">█▀▀▀▀▀▀▀▀▀▀▀▀▀▀▀▀▀▀▀▀▀▀▀▀▀▀▀▀▀▀▀▀▀▀▀▀▀▀▀█<br/>█ TEST STARTED: Locators with Wikipedia █<br/>█▄▄▄▄▄▄▄▄▄▄▄▄▄▄▄▄▄▄▄▄▄▄▄▄▄▄▄▄▄▄▄▄▄▄▄▄▄▄▄█<br/>▄ ▄ ▄ BEGIN STEP: Given I open browser to webpage "wikipedia.org" ▄ ▄ ▄<br/>▀ ▀ ▀ END STEP: Given I open browser to webpage "wikipedia.org" ▀ ▀ ▀<br/><div style="display:block;margin-left:10px;"><div  class="teststepfail"><span class="teststepfail-label">T </span>Given I open browser to webpage "wikipedia.org"</div><div style="display:block;margin-left:10px;"><div  class="fail"><span class="fail-label">F </span>Timed out after 0 seconds: Unable to create driver instance in 1st attempt with retry timeout of 60 seconds. You can check/set value of 'driver.init.retry.timeout' appropriately to set retry timeout on driver initialization failure.</div></div><div  class="teststep"><span class="teststep-label">T </span>Then I wait "30" seconds to see the text "The Free Encyclopedia"</div><div  class="teststep"><span class="teststep-label">T </span>Then I enter "Apple" to "search.field"</div><div  class="teststep"><span class="teststep-label">T </span>Then I wait for "3" seconds</div><div  class="teststep"><span class="teststep-label">T </span>Then I click on "search.btn"</div><div  class="teststep"><span class="teststep-label">T </span>Then I wait "30" seconds to see the text "fruit"</div></div></div></td></tr><tr><th>Exception</th></tr><tr><td><div class="stacktrace">org.openqa.selenium.TimeoutException: Timed out after 0 seconds: Unable to create driver instance in 1st attempt with retry timeout of 60 seconds. You can check/set value of &apos;driver.init.retry.timeout&apos; appropriately to set retry timeout on driver initialization failure.
	at .Given I open browser to webpage &quot;wikipedia.org&quot;(src/main/resources/scenarios/02wikipediaLocator.feature:5)
	at com.qmetry.qaf.automation.ui.util.DynamicWait.until(DynamicWait.java:169)
	at com.qmetry.qaf.automation.core.QAFTestBase.init(QAFTestBase.java:466)
	at com.qmetry.qaf.automation.core.QAFTestBase.getUiDriver(QAFTestBase.java:246)
	at com.qmetry.qaf.automation.ui.WebDriverTestBase.getDriver(WebDriverTestBase.java:44)
	at com.qmetry.qaf.automation.step.CommonStep.get_aroundBody24(CommonStep.java:296)
	at com.qmetry.qaf.automation.step.JavaStepReporter.javaTestStep(JavaStepReporter.java:93)
	at com.qmetry.qaf.automation.step.CommonStep.get(CommonStep.java:295)
	at com.quantum.steps.PerfectoApplicationSteps.navigateToURL(PerfectoApplicationSteps.java:462)
	at com.qmetry.qaf.automation.step.JavaStep.doExecute(JavaStep.java:150)
	at com.qmetry.qaf.automation.step.BaseTestStep.execute(BaseTestStep.java:146)
	at com.qmetry.qaf.automation.step.StringTestStep.execute(StringTestStep.java:126)
	at com.qmetry.qaf.automation.step.client.Scenario.execute(Scenario.java:174)
	at com.qmetry.qaf.automation.step.client.Scenario.scenario(Scenario.java:237)
	at java.util.concurrent.FutureTask.run(FutureTask.java:266)
	at java.util.concurrent.ThreadPoolExecutor.runWorker(ThreadPoolExecutor.java:1149)
	at java.util.concurrent.ThreadPoolExecutor$Worker.run(ThreadPoolExecutor.java:624)
	at java.lang.Thread.run(Thread.java:748)
Caused by: org.openqa.selenium.WebDriverException: Unable to create driver instance in 1st attempt with retry timeout of 60 seconds. You can check/set value of &apos;driver.init.retry.timeout&apos; appropriately to set retry timeout on driver initialization failure.
Build info: version: &apos;3.141.59&apos;, revision: &apos;e82be7d358&apos;, time: &apos;2018-11-14T08:17:03&apos;
System info: host: &apos;mtrue0221&apos;, ip: &apos;fe80:0:0:0:1491:c3ab:fbe8:7d0b%en0&apos;, os.name: &apos;Mac OS X&apos;, os.arch: &apos;x86_64&apos;, os.version: &apos;10.16&apos;, java.version: &apos;1.8.0_151&apos;
Driver info: driver.version: unknown
	at com.qmetry.qaf.automation.core.QAFTestBase$DriverInitExpectedCondition.apply(QAFTestBase.java:560)
	at com.qmetry.qaf.automation.core.QAFTestBase$DriverInitExpectedCondition.apply(QAFTestBase.java:1)
	at com.qmetry.qaf.automation.ui.util.DynamicWait.until(DynamicWait.java:148)
	at com.qmetry.qaf.automation.core.QAFTestBase.init(QAFTestBase.java:466)
	at com.qmetry.qaf.automation.core.QAFTestBase.getUiDriver(QAFTestBase.java:246)
	at com.qmetry.qaf.automation.ui.WebDriverTestBase.getDriver(WebDriverTestBase.java:44)
	at com.qmetry.qaf.automation.step.CommonStep.get_aroundBody24(CommonStep.java:296)
	at com.qmetry.qaf.automation.step.CommonStep$AjcClosure25.run(CommonStep.java:1)
	at com.qmetry.qaf.automation.step.JavaStepReporter.javaTestStep(JavaStepReporter.java:93)
	at com.qmetry.qaf.automation.step.CommonStep.get(CommonStep.java:295)
	at com.quantum.steps.PerfectoApplicationSteps.navigateToURL(PerfectoApplicationSteps.java:462)
	at com.qmetry.qaf.automation.step.JavaStep.doExecute(JavaStep.java:150)
	at com.qmetry.qaf.automation.step.BaseTestStep.execute(BaseTestStep.java:146)
	at com.qmetry.qaf.automation.step.StringTestStep.execute(StringTestStep.java:126)
	at com.qmetry.qaf.automation.step.client.Scenario.execute(Scenario.java:174)
	at com.qmetry.qaf.automation.step.client.Scenario.scenario(Scenario.java:237)
	... 4 more
Caused by: java.lang.ClassNotFoundException: com.thoughtworks.selenium.CommandProcessor
	at java.net.URLClassLoader.findClass(URLClassLoader.java:381)
	at java.lang.ClassLoader.loadClass(ClassLoader.java:424)
	at sun.misc.Launcher$AppClassLoader.loadClass(Launcher.java:335)
	at java.lang.ClassLoader.loadClass(ClassLoader.java:357)
	at com.qmetry.qaf.automation.ui.UiDriverFactory.get(UiDriverFactory.java:93)
	at com.qmetry.qaf.automation.core.QAFTestBase$DriverInitExpectedCondition.apply(QAFTestBase.java:556)
	... 40 more
... Removed 21 stack frames</div></td></tr></table><p class="totop"><a href="#summary">back to summary</a></p></body></html>