<?xml version="1.0" encoding="UTF-8"?>
<!-- Generated by org.testng.reporters.JUnitXMLReporter -->
<testsuite hostname="mtrue0221" ignored="0" name="Android Test" tests="1" failures="1" timestamp="12 Feb 2022 01:57:50 GMT" time="2.0" errors="0">
  <testcase name="Locators with Wikipedia" time="1.957" classname="com.qmetry.qaf.automation.step.client.Scenario">
    <failure type="org.openqa.selenium.TimeoutException" message="Timed out after 0 seconds: Unable to create driver instance in 1st attempt with retry timeout of 60 seconds. You can check/set value of &amp;apos;driver.init.retry.timeout&amp;apos; appropriately to set retry timeout on driver initialization failure.">
      <![CDATA[org.openqa.selenium.TimeoutException: Timed out after 0 seconds: Unable to create driver instance in 1st attempt with retry timeout of 60 seconds. You can check/set value of 'driver.init.retry.timeout' appropriately to set retry timeout on driver initialization failure.
	at .Given I open browser to webpage "wikipedia.org"(src/main/resources/scenarios/02wikipediaLocator.feature:5)
	at com.qmetry.qaf.automation.ui.util.DynamicWait.until(DynamicWait.java:169)
	at com.qmetry.qaf.automation.core.QAFTestBase.init(QAFTestBase.java:466)
	at com.qmetry.qaf.automation.core.QAFTestBase.getUiDriver(QAFTestBase.java:246)
	at com.qmetry.qaf.automation.ui.WebDriverTestBase.getDriver(WebDriverTestBase.java:44)
	at com.qmetry.qaf.automation.step.CommonStep.get_aroundBody24(CommonStep.java:296)
	at com.qmetry.qaf.automation.step.JavaStepReporter.javaTestStep(JavaStepReporter.java:93)
	at com.qmetry.qaf.automation.step.CommonStep.get(CommonStep.java:295)
	at com.quantum.steps.PerfectoApplicationSteps.navigateToURL(PerfectoApplicationSteps.java:462)
	at com.qmetry.qaf.automation.step.JavaStep.doExecute(JavaStep.java:150)
	at com.qmetry.qaf.automation.step.BaseTestStep.execute(BaseTestStep.java:146)
	at com.qmetry.qaf.automation.step.StringTestStep.execute(StringTestStep.java:126)
	at com.qmetry.qaf.automation.step.client.Scenario.execute(Scenario.java:174)
	at com.qmetry.qaf.automation.step.client.Scenario.scenario(Scenario.java:237)
	at java.util.concurrent.FutureTask.run(FutureTask.java:266)
	at java.util.concurrent.ThreadPoolExecutor.runWorker(ThreadPoolExecutor.java:1149)
	at java.util.concurrent.ThreadPoolExecutor$Worker.run(ThreadPoolExecutor.java:624)
	at java.lang.Thread.run(Thread.java:748)
Caused by: org.openqa.selenium.WebDriverException: Unable to create driver instance in 1st attempt with retry timeout of 60 seconds. You can check/set value of 'driver.init.retry.timeout' appropriately to set retry timeout on driver initialization failure.
Build info: version: '3.141.59', revision: 'e82be7d358', time: '2018-11-14T08:17:03'
System info: host: 'mtrue0221', ip: 'fe80:0:0:0:1491:c3ab:fbe8:7d0b%en0', os.name: 'Mac OS X', os.arch: 'x86_64', os.version: '10.16', java.version: '1.8.0_151'
Driver info: driver.version: unknown
	at com.qmetry.qaf.automation.core.QAFTestBase$DriverInitExpectedCondition.apply(QAFTestBase.java:560)
	at com.qmetry.qaf.automation.core.QAFTestBase$DriverInitExpectedCondition.apply(QAFTestBase.java:1)
	at com.qmetry.qaf.automation.ui.util.DynamicWait.until(DynamicWait.java:148)
	at com.qmetry.qaf.automation.core.QAFTestBase.init(QAFTestBase.java:466)
	at com.qmetry.qaf.automation.core.QAFTestBase.getUiDriver(QAFTestBase.java:246)
	at com.qmetry.qaf.automation.ui.WebDriverTestBase.getDriver(WebDriverTestBase.java:44)
	at com.qmetry.qaf.automation.step.CommonStep.get_aroundBody24(CommonStep.java:296)
	at com.qmetry.qaf.automation.step.CommonStep$AjcClosure25.run(CommonStep.java:1)
	at com.qmetry.qaf.automation.step.JavaStepReporter.javaTestStep(JavaStepReporter.java:93)
	at com.qmetry.qaf.automation.step.CommonStep.get(CommonStep.java:295)
	at com.quantum.steps.PerfectoApplicationSteps.navigateToURL(PerfectoApplicationSteps.java:462)
	at com.qmetry.qaf.automation.step.JavaStep.doExecute(JavaStep.java:150)
	at com.qmetry.qaf.automation.step.BaseTestStep.execute(BaseTestStep.java:146)
	at com.qmetry.qaf.automation.step.StringTestStep.execute(StringTestStep.java:126)
	at com.qmetry.qaf.automation.step.client.Scenario.execute(Scenario.java:174)
	at com.qmetry.qaf.automation.step.client.Scenario.scenario(Scenario.java:237)
	... 4 more
Caused by: java.lang.ClassNotFoundException: com.thoughtworks.selenium.CommandProcessor
	at java.net.URLClassLoader.findClass(URLClassLoader.java:381)
	at java.lang.ClassLoader.loadClass(ClassLoader.java:424)
	at sun.misc.Launcher$AppClassLoader.loadClass(Launcher.java:335)
	at java.lang.ClassLoader.loadClass(ClassLoader.java:357)
	at com.qmetry.qaf.automation.ui.UiDriverFactory.get(UiDriverFactory.java:93)
	at com.qmetry.qaf.automation.core.QAFTestBase$DriverInitExpectedCondition.apply(QAFTestBase.java:556)
	... 40 more
... Removed 21 stack frames]]>
    </failure>
  </testcase> <!-- Locators with Wikipedia -->
</testsuite> <!-- Android Test -->
